Log file open, 02/28/18 22:23:37
LogWindows: Failed to load 'aqProf.dll' (GetLastError=126)
LogWindows: File 'aqProf.dll' does not exist
LogWindows: Failed to load 'VtuneApi.dll' (GetLastError=126)
LogWindows: File 'VtuneApi.dll' does not exist
LogWindows: Failed to load 'VtuneApi32e.dll' (GetLastError=126)
LogWindows: File 'VtuneApi32e.dll' does not exist
LogInit: Display: Running engine for game: Stier
LogPlatformFile: Not using cached read wrapper
LogInit: Display: RandInit(335420459) SRandInit(335420459).
LogInit: Read version file with build ID '3709383'
LogInit: Overriding engine version to CL 3832480, compatible CL 3709383
LogInit: Registered custom module enumerator with build ID '3709383'
LogTaskGraph: Started task graph with 5 named threads and 14 total threads with 3 sets of task threads.
LogStats: Stats thread started at 0.209454
LogD3D11RHI: Aftermath initialized
LogModuleManager: Display: Found up-to-date module file ../../../Engine/Plugins/2D/Paper2D/Binaries/Win64/UE4Editor-Paper2D.dll (API version 3709383).
LogModuleManager: Display: Found up-to-date module file ../../../Engine/Plugins/2D/Paper2D/Binaries/Win64/UE4Editor-Paper2DEditor.dll (API version 3709383).
LogModuleManager: Display: Found up-to-date module file ../../../Engine/Plugins/2D/Paper2D/Binaries/Win64/UE4Editor-PaperSpriteSheetImporter.dll (API version 3709383).
LogModuleManager: Display: Found up-to-date module file ../../../Engine/Plugins/2D/Paper2D/Binaries/Win64/UE4Editor-PaperTiledImporter.dll (API version 3709383).
LogModuleManager: Display: Found up-to-date module file ../../../Engine/Plugins/2D/Paper2D/Binaries/Win64/UE4Editor-SmartSnapping.dll (API version 3709383).
LogModuleManager: Display: Found up-to-date module file ../../../Engine/Plugins/Blendables/LightPropagationVolume/Binaries/Win64/UE4Editor-LightPropagationVolumeRuntime.dll (API version 3709383).
LogModuleManager: Display: Found up-to-date module file ../../../Engine/Plugins/Blendables/LightPropagationVolume/Binaries/Win64/UE4Editor-LightPropagationVolumeEditor.dll (API version 3709383).
LogModuleManager: Display: Found up-to-date module file ../../../Engine/Plugins/Developer/GitSourceControl/Binaries/Win64/UE4Editor-GitSourceControl.dll (API version 3709383).
LogModuleManager: Display: Found up-to-date module file ../../../Engine/Plugins/Developer/PerforceSourceControl/Binaries/Win64/UE4Editor-PerforceSourceControl.dll (API version 3709383).
LogModuleManager: Display: Found up-to-date module file ../../../Engine/Plugins/Developer/SubversionSourceControl/Binaries/Win64/UE4Editor-SubversionSourceControl.dll (API version 3709383).
LogModuleManager: Display: Found up-to-date module file ../../../Engine/Plugins/Developer/UObjectPlugin/Binaries/Win64/UE4Editor-UObjectPlugin.dll (API version 3709383).
LogModuleManager: Display: Found up-to-date module file ../../../Engine/Plugins/Developer/VisualStudioCodeSourceCodeAccess/Binaries/Win64/UE4Editor-VisualStudioCodeSourceCodeAccess.dll (API version 3709383).
LogModuleManager: Display: Found up-to-date module file ../../../Engine/Plugins/Developer/VisualStudioSourceCodeAccess/Binaries/Win64/UE4Editor-VisualStudioSourceCodeAccess.dll (API version 3709383).
LogModuleManager: Display: Found up-to-date module file ../../../Engine/Plugins/Editor/AssetManagerEditor/Binaries/Win64/UE4Editor-AssetManagerEditor.dll (API version 3709383).
LogModuleManager: Display: Found up-to-date module file ../../../Engine/Plugins/Editor/AudioCapture/Binaries/Win64/UE4Editor-AudioCapture.dll (API version 3709383).
LogModuleManager: Display: Found up-to-date module file ../../../Engine/Plugins/Editor/FacialAnimation/Binaries/Win64/UE4Editor-FacialAnimation.dll (API version 3709383).
LogModuleManager: Display: Found up-to-date module file ../../../Engine/Plugins/Editor/FacialAnimation/Binaries/Win64/UE4Editor-FacialAnimationEditor.dll (API version 3709383).
LogModuleManager: Display: Found up-to-date module file ../../../Engine/Plugins/Editor/GameplayTagsEditor/Binaries/Win64/UE4Editor-GameplayTagsEditor.dll (API version 3709383).
LogModuleManager: Display: Found up-to-date module file ../../../Engine/Plugins/Editor/MobileLauncherProfileWizard/Binaries/Win64/UE4Editor-MobileLauncherProfileWizard.dll (API version 3709383).
LogModuleManager: Display: Found up-to-date module file ../../../Engine/Plugins/Editor/PluginBrowser/Binaries/Win64/UE4Editor-PluginBrowser.dll (API version 3709383).
LogModuleManager: Display: Found up-to-date module file ../../../Engine/Plugins/Editor/SpeedTreeImporter/Binaries/Win64/UE4Editor-SpeedTreeImporter.dll (API version 3709383).
LogModuleManager: Display: Found up-to-date module file ../../../Engine/Plugins/Experimental/AlembicImporter/Binaries/Win64/UE4Editor-AlembicImporter.dll (API version 3709383).
LogModuleManager: Display: Found up-to-date module file ../../../Engine/Plugins/Experimental/AlembicImporter/Binaries/Win64/UE4Editor-AlembicLibrary.dll (API version 3709383).
LogModuleManager: Display: Found up-to-date module file ../../../Engine/Plugins/Experimental/CharacterAI/Binaries/Win64/UE4Editor-CharacterAI.dll (API version 3709383).
LogModuleManager: Display: Found up-to-date module file ../../../Engine/Plugins/Experimental/HTML5Networking/Binaries/Win64/UE4Editor-HTML5Networking.dll (API version 3709383).
LogModuleManager: Display: Found up-to-date module file ../../../Engine/Plugins/Media/AndroidMedia/Binaries/Win64/UE4Editor-AndroidMediaEditor.dll (API version 3709383).
LogModuleManager: Display: Found up-to-date module file ../../../Engine/Plugins/Media/AndroidMedia/Binaries/Win64/UE4Editor-AndroidMediaFactory.dll (API version 3709383).
LogModuleManager: Display: Found up-to-date module file ../../../Engine/Plugins/Media/AvfMedia/Binaries/Win64/UE4Editor-AvfMediaEditor.dll (API version 3709383).
LogModuleManager: Display: Found up-to-date module file ../../../Engine/Plugins/Media/AvfMedia/Binaries/Win64/UE4Editor-AvfMediaFactory.dll (API version 3709383).
LogModuleManager: Display: Found up-to-date module file ../../../Engine/Plugins/Media/AvfMedia/Binaries/Win64/UE4Editor-AvfMediaFactory.dll (API version 3709383).
LogModuleManager: Display: Found up-to-date module file ../../../Engine/Plugins/Media/ImgMedia/Binaries/Win64/UE4Editor-ImgMedia.dll (API version 3709383).
LogModuleManager: Display: Found up-to-date module file ../../../Engine/Plugins/Media/ImgMedia/Binaries/Win64/UE4Editor-ImgMediaEditor.dll (API version 3709383).
LogModuleManager: Display: Found up-to-date module file ../../../Engine/Plugins/Media/ImgMedia/Binaries/Win64/UE4Editor-ImgMediaFactory.dll (API version 3709383).
LogModuleManager: Display: Found up-to-date module file ../../../Engine/Plugins/Media/ImgMedia/Binaries/Win64/UE4Editor-ImgMediaFactory.dll (API version 3709383).
LogModuleManager: Display: Found up-to-date module file ../../../Engine/Plugins/Media/ImgMedia/Binaries/Win64/UE4Editor-OpenExrWrapper.dll (API version 3709383).
LogModuleManager: Display: Found up-to-date module file ../../../Engine/Plugins/Media/MediaCompositing/Binaries/Win64/UE4Editor-MediaCompositing.dll (API version 3709383).
LogModuleManager: Display: Found up-to-date module file ../../../Engine/Plugins/Media/MediaCompositing/Binaries/Win64/UE4Editor-MediaCompositingEditor.dll (API version 3709383).
LogModuleManager: Display: Found up-to-date module file ../../../Engine/Plugins/Media/MediaPlayerEditor/Binaries/Win64/UE4Editor-MediaPlayerEditor.dll (API version 3709383).
LogModuleManager: Display: Found up-to-date module file ../../../Engine/Plugins/Media/WmfMedia/Binaries/Win64/UE4Editor-WmfMedia.dll (API version 3709383).
LogModuleManager: Display: Found up-to-date module file ../../../Engine/Plugins/Media/WmfMedia/Binaries/Win64/UE4Editor-WmfMediaEditor.dll (API version 3709383).
LogModuleManager: Display: Found up-to-date module file ../../../Engine/Plugins/Media/WmfMedia/Binaries/Win64/UE4Editor-WmfMediaFactory.dll (API version 3709383).
LogModuleManager: Display: Found up-to-date module file ../../../Engine/Plugins/Media/WmfMedia/Binaries/Win64/UE4Editor-WmfMediaFactory.dll (API version 3709383).
LogModuleManager: Display: Found up-to-date module file ../../../Engine/Plugins/Messaging/TcpMessaging/Binaries/Win64/UE4Editor-TcpMessaging.dll (API version 3709383).
LogModuleManager: Display: Found up-to-date module file ../../../Engine/Plugins/Messaging/UdpMessaging/Binaries/Win64/UE4Editor-UdpMessaging.dll (API version 3709383).
LogModuleManager: Display: Found up-to-date module file ../../../Engine/Plugins/MovieScene/ActorSequence/Binaries/Win64/UE4Editor-ActorSequence.dll (API version 3709383).
LogModuleManager: Display: Found up-to-date module file ../../../Engine/Plugins/MovieScene/LevelSequenceEditor/Binaries/Win64/UE4Editor-LevelSequenceEditor.dll (API version 3709383).
LogModuleManager: Display: Found up-to-date module file ../../../Engine/Plugins/MovieScene/MatineeToLevelSequence/Binaries/Win64/UE4Editor-MatineeToLevelSequence.dll (API version 3709383).
LogModuleManager: Display: Found up-to-date module file ../../../Engine/Plugins/Online/OnlineSubsystem/Binaries/Win64/UE4Editor-OnlineSubsystem.dll (API version 3709383).
LogModuleManager: Display: Found up-to-date module file ../../../Engine/Plugins/Runtime/AndroidPermission/Binaries/Win64/UE4Editor-AndroidPermission.dll (API version 3709383).
LogModuleManager: Display: Found up-to-date module file ../../../Engine/Plugins/Online/OnlineSubsystemNull/Binaries/Win64/UE4Editor-OnlineSubsystemNull.dll (API version 3709383).
LogModuleManager: Display: Found up-to-date module file ../../../Engine/Plugins/Online/OnlineSubsystemUtils/Binaries/Win64/UE4Editor-OnlineSubsystemUtils.dll (API version 3709383).
LogModuleManager: Display: Found up-to-date module file ../../../Engine/Plugins/Online/OnlineSubsystemUtils/Binaries/Win64/UE4Editor-OnlineBlueprintSupport.dll (API version 3709383).
LogModuleManager: Display: Found up-to-date module file ../../../Engine/Plugins/Runtime/AndroidDeviceProfileSelector/Binaries/Win64/UE4Editor-AndroidDeviceProfileSelector.dll (API version 3709383).
LogModuleManager: Display: Found up-to-date module file ../../../Engine/Plugins/Runtime/AppleARKit/Binaries/Win64/UE4Editor-AppleARKit.dll (API version 3709383).
LogModuleManager: Display: Found up-to-date module file ../../../Engine/Plugins/Runtime/ArchVisCharacter/Binaries/Win64/UE4Editor-ArchVisCharacter.dll (API version 3709383).
LogModuleManager: Display: Found up-to-date module file ../../../Engine/Plugins/Runtime/CableComponent/Binaries/Win64/UE4Editor-CableComponent.dll (API version 3709383).
LogModuleManager: Display: Found up-to-date module file ../../../Engine/Plugins/Runtime/CustomMeshComponent/Binaries/Win64/UE4Editor-CustomMeshComponent.dll (API version 3709383).
LogModuleManager: Display: Found up-to-date module file ../../../Engine/Plugins/Runtime/ExampleDeviceProfileSelector/Binaries/Win64/UE4Editor-ExampleDeviceProfileSelector.dll (API version 3709383).
LogModuleManager: Display: Found up-to-date module file ../../../Engine/Plugins/Runtime/ImmediatePhysics/Binaries/Win64/UE4Editor-ImmediatePhysics.dll (API version 3709383).
LogModuleManager: Display: Found up-to-date module file ../../../Engine/Plugins/Runtime/ImmediatePhysics/Binaries/Win64/UE4Editor-ImmediatePhysicsEditor.dll (API version 3709383).
LogModuleManager: Display: Found up-to-date module file ../../../Engine/Plugins/Runtime/LocationServicesBPLibrary/Binaries/Win64/UE4Editor-LocationServicesBPLibrary.dll (API version 3709383).
LogModuleManager: Display: Found up-to-date module file ../../../Engine/Plugins/Runtime/MobilePatchingUtils/Binaries/Win64/UE4Editor-MobilePatchingUtils.dll (API version 3709383).
LogModuleManager: Display: Found up-to-date module file ../../../Engine/Plugins/Runtime/Oculus/OculusVR/Binaries/Win64/UE4Editor-OculusHMD.dll (API version 3709383).
LogModuleManager: Display: Found up-to-date module file ../../../Engine/Plugins/Runtime/Oculus/OculusVR/Binaries/Win64/UE4Editor-OculusInput.dll (API version 3709383).
LogModuleManager: Display: Found up-to-date module file ../../../Engine/Plugins/Runtime/Oculus/OculusVR/Binaries/Win64/UE4Editor-OculusEditor.dll (API version 3709383).
LogModuleManager: Display: Found up-to-date module file ../../../Engine/Plugins/Runtime/PhysXVehicles/Binaries/Win64/UE4Editor-PhysXVehicles.dll (API version 3709383).
LogModuleManager: Display: Found up-to-date module file ../../../Engine/Plugins/Runtime/PhysXVehicles/Binaries/Win64/UE4Editor-PhysXVehiclesEditor.dll (API version 3709383).
LogModuleManager: Display: Found up-to-date module file ../../../Engine/Plugins/Runtime/ProceduralMeshComponent/Binaries/Win64/UE4Editor-ProceduralMeshComponent.dll (API version 3709383).
LogModuleManager: Display: Found up-to-date module file ../../../Engine/Plugins/Runtime/ProceduralMeshComponent/Binaries/Win64/UE4Editor-ProceduralMeshComponentEditor.dll (API version 3709383).
LogModuleManager: Display: Found up-to-date module file ../../../Engine/Plugins/Runtime/RuntimePhysXCooking/Binaries/Win64/UE4Editor-RuntimePhysXCooking.dll (API version 3709383).
LogModuleManager: Display: Found up-to-date module file ../../../Engine/Plugins/Runtime/Steam/SteamVR/Binaries/Win64/UE4Editor-SteamVR.dll (API version 3709383).
LogModuleManager: Display: Found up-to-date module file ../../../Engine/Plugins/Runtime/Steam/SteamVR/Binaries/Win64/UE4Editor-SteamVRController.dll (API version 3709383).
LogModuleManager: Display: Found up-to-date module file ../../../Engine/Plugins/Runtime/WindowsMoviePlayer/Binaries/Win64/UE4Editor-WindowsMoviePlayer.dll (API version 3709383).
LogModuleManager: Display: Found up-to-date module file ../../../../../../Users/ASUS/Desktop/Cassiopée/Estier/Plugins/UE4Duino/Binaries/Win64/UE4Editor-UE4Duino.dll (API version 3709383).
LogPluginManager: Mounting plugin Paper2D
LogPluginManager: Mounting plugin LightPropagationVolume
LogPluginManager: Mounting plugin CodeLiteSourceCodeAccess
LogPluginManager: Mounting plugin GitSourceControl
LogPluginManager: Mounting plugin KDevelopSourceCodeAccess
LogPluginManager: Mounting plugin NullSourceCodeAccess
LogPluginManager: Mounting plugin PerforceSourceControl
LogPluginManager: Mounting plugin SubversionSourceControl
LogPluginManager: Mounting plugin UObjectPlugin
LogPluginManager: Mounting plugin VisualStudioCodeSourceCodeAccess
LogPluginManager: Mounting plugin VisualStudioSourceCodeAccess
LogPluginManager: Mounting plugin XCodeSourceCodeAccess
LogPluginManager: Mounting plugin AssetManagerEditor
LogPluginManager: Mounting plugin AudioCapture
LogPluginManager: Mounting plugin FacialAnimation
LogPluginManager: Mounting plugin GameplayTagsEditor
LogPluginManager: Mounting plugin MobileLauncherProfileWizard
LogPluginManager: Mounting plugin PluginBrowser
LogPluginManager: Mounting plugin SpeedTreeImporter
LogPluginManager: Mounting plugin AlembicImporter
LogPluginManager: Mounting plugin CharacterAI
LogPluginManager: Mounting plugin HTML5Networking
LogPluginManager: Mounting plugin AndroidMedia
LogPluginManager: Mounting plugin AvfMedia
LogPluginManager: Mounting plugin ImgMedia
LogPluginManager: Mounting plugin MediaCompositing
LogPluginManager: Mounting plugin MediaPlayerEditor
LogPluginManager: Mounting plugin WmfMedia
LogPluginManager: Mounting plugin TcpMessaging
LogPluginManager: Mounting plugin UdpMessaging
LogPluginManager: Mounting plugin ActorSequence
LogPluginManager: Mounting plugin LevelSequenceEditor
LogPluginManager: Mounting plugin MatineeToLevelSequence
LogPluginManager: Mounting plugin OnlineSubsystemGooglePlay
LogPluginManager: Mounting plugin OnlineSubsystemIOS
LogPluginManager: Mounting plugin OnlineSubsystem
LogPluginManager: Mounting plugin OnlineSubsystemNull
LogPluginManager: Mounting plugin OnlineSubsystemUtils
LogPluginManager: Mounting plugin AndroidDeviceProfileSelector
LogPluginManager: Mounting plugin AndroidMoviePlayer
LogPluginManager: Mounting plugin AndroidPermission
LogPluginManager: Mounting plugin AppleARKit
LogPluginManager: Mounting plugin AppleMoviePlayer
LogPluginManager: Mounting plugin ArchVisCharacter
LogPluginManager: Mounting plugin CableComponent
LogPluginManager: Mounting plugin CustomMeshComponent
LogPluginManager: Mounting plugin ExampleDeviceProfileSelector
LogPluginManager: Mounting plugin GoogleCloudMessaging
LogPluginManager: Mounting plugin ImmediatePhysics
LogPluginManager: Mounting plugin IOSDeviceProfileSelector
LogPluginManager: Mounting plugin LinuxDeviceProfileSelector
LogPluginManager: Mounting plugin LocationServicesBPLibrary
LogPluginManager: Mounting plugin MobilePatchingUtils
LogPluginManager: Mounting plugin OculusVR
LogPluginManager: Plugin shader directory ../../../Engine/Plugins/Runtime/Oculus/OculusVR/Shaders found
LogPluginManager: Mapping shader source directory ../../../Engine/Plugins/Runtime/Oculus/OculusVR/Shaders to virtual directory /Plugin/OculusVR
LogPluginManager: Mounting plugin PhysXVehicles
LogPluginManager: Mounting plugin ProceduralMeshComponent
LogPluginManager: Mounting plugin RuntimePhysXCooking
LogPluginManager: Mounting plugin SteamVR
LogPluginManager: Mounting plugin WindowsMoviePlayer
LogPluginManager: Mounting plugin UE4Duino
LogInit: Using libcurl 7.47.1
LogInit:  - built for x86_64-pc-win32
LogInit:  - supports SSL with OpenSSL/1.0.2g
LogInit:  - supports HTTP deflate (compression) using libz 1.2.8
LogInit:  - other features:
LogInit:      CURL_VERSION_SSL
LogInit:      CURL_VERSION_LIBZ
LogInit:      CURL_VERSION_IPV6
LogInit:      CURL_VERSION_ASYNCHDNS
LogInit:      CURL_VERSION_LARGEFILE
LogInit:      CURL_VERSION_IDN
LogInit:  CurlRequestOptions (configurable via config and command line):
LogInit:  - bVerifyPeer = false  - Libcurl will NOT verify peer certificate
LogInit:  - bUseHttpProxy = false  - Libcurl will NOT use HTTP proxy
LogInit:  - bDontReuseConnections = false  - Libcurl will reuse connections
LogInit:  - CertBundlePath = nullptr  - Libcurl will use whatever was configured at build time.
LogInit: Build: ++UE4+Release-4.18-CL-3832480
LogInit: Engine Version: 4.18.3-3832480+++UE4+Release-4.18
LogInit: Compatible Engine Version: 4.18.0-3709383+++UE4+Release-4.18
LogInit: Net CL: 3709383
LogDevObjectVersion: Number of dev versions registered: 16
LogDevObjectVersion:   Dev-Blueprints (B0D832E4-1F89-4F0D-ACCF-7EB736FD4AA2): 10
LogDevObjectVersion:   Dev-Build (E1C64328-A22C-4D53-A36C-8E866417BD8C): 0
LogDevObjectVersion:   Dev-Core (375EC13C-06E4-48FB-B500-84F0262A717E): 2
LogDevObjectVersion:   Dev-Editor (E4B068ED-F494-42E9-A231-DA0B2E46BB41): 20
LogDevObjectVersion:   Dev-Framework (CFFC743F-43B0-4480-9391-14DF171D2073): 30
LogDevObjectVersion:   Dev-Mobile (B02B49B5-BB20-44E9-A304-32B752E40360): 0
LogDevObjectVersion:   Dev-Networking (A4E4105C-59A1-49B5-A7C5-40C4547EDFEE): 0
LogDevObjectVersion:   Dev-Online (39C831C9-5AE6-47DC-9A44-9C173E1C8E7C): 0
LogDevObjectVersion:   Dev-Physics (78F01B33-EBEA-4F98-B9B4-84EACCB95AA2): 0
LogDevObjectVersion:   Dev-Platform (6631380F-2D4D-43E0-8009-CF276956A95A): 0
LogDevObjectVersion:   Dev-Rendering (12F88B9F-8875-4AFC-A67C-D90C383ABD29): 20
LogDevObjectVersion:   Dev-Sequencer (7B5AE74C-D270-4C10-A958-57980B212A5A): 4
LogDevObjectVersion:   Dev-VR (D7296918-1DD6-4BDD-9DE2-64A83CC13884): 0
LogDevObjectVersion:   Dev-LoadTimes (C2A15278-BFE7-4AFE-6C17-90FF531DF755): 1
LogDevObjectVersion:   Private-Geometry (6EACA3D4-40EC-4CC1-B786-8BED09428FC5): 1
LogDevObjectVersion:   Dev-AnimPhys (29E575DD-E0A3-4627-9D10-D276232CDCEA): 12
LogInit: Compiled (64-bit): Jan 12 2018 02:04:55
LogInit: Compiled with Visual C++: 19.00.24215.01
LogInit: Build Configuration: Development
LogInit: Branch Name: ++UE4+Release-4.18
LogInit: Command line:  
LogInit: Base directory: C:/Program Files/Epic Games/UE_4.18/Engine/Binaries/Win64/
LogInit: Installed Engine Build: 1
LogInit: Presizing for max 8388607 objects, including 0 objects not considered by GC, pre-allocating 0 bytes for permanent pool.
LogInit: Object subsystem initialized
[2018.02.28-21.23.39:698][  0]LogInit: Selected Device Profile: [Windows]
[2018.02.28-21.23.39:698][  0]LogInit: Applying CVar settings loaded from the selected device profile: [Windows]
[2018.02.28-21.23.39:719][  0]LogInit: Computer: DESKTOP-EBDG29O
[2018.02.28-21.23.39:719][  0]LogInit: User: ASUS
[2018.02.28-21.23.39:719][  0]LogInit: CPU Page size=4096, Cores=4
[2018.02.28-21.23.39:719][  0]LogInit: High frequency timer resolution =2.531251 MHz
[2018.02.28-21.23.39:719][  0]LogMemory: Memory total: Physical=7.9GB (8GB approx)
[2018.02.28-21.23.39:719][  0]LogMemory: Platform Memory Stats for Windows
[2018.02.28-21.23.39:719][  0]LogMemory: Process Physical Memory: 273.30 MB used, 273.30 MB peak
[2018.02.28-21.23.39:719][  0]LogMemory: Process Virtual Memory: 269.75 MB used, 269.75 MB peak
[2018.02.28-21.23.39:720][  0]LogMemory: Physical Memory: 4468.05 MB used,  3589.21 MB free, 8057.26 MB total
[2018.02.28-21.23.39:720][  0]LogMemory: Virtual Memory: 682.66 MB used,  3589.21 MB free, 134217728.00 MB total
[2018.02.28-21.23.40:209][  0]LogInit: Using OS detected language (fr-FR).
[2018.02.28-21.23.40:209][  0]LogInit: Using OS detected locale (fr-FR).
[2018.02.28-21.23.40:374][  0]LogTextLocalizationManager: No localization for 'fr-FR' exists, so 'en' will be used for the language.
[2018.02.28-21.23.40:374][  0]LogTextLocalizationManager: No localization for 'fr-FR' exists, so 'en' will be used for the locale.
[2018.02.28-21.23.40:882][  0]LogInit: Setting process to per monitor DPI aware
[2018.02.28-21.23.42:523][  0]LogD3D11RHI: D3D11 adapters:
[2018.02.28-21.23.42:552][  0]LogD3D11RHI:    0. 'NVIDIA GeForce GTX 950M' (Feature Level 11_0)
[2018.02.28-21.23.42:552][  0]LogD3D11RHI:       2018/0/4028 MB DedicatedVideo/DedicatedSystem/SharedSystem, Outputs:1, VendorId:0x10de
[2018.02.28-21.23.42:559][  0]LogD3D11RHI:    1. 'Intel(R) HD Graphics 530' (Feature Level 11_0)
[2018.02.28-21.23.42:559][  0]LogD3D11RHI:       128/0/4028 MB DedicatedVideo/DedicatedSystem/SharedSystem, Outputs:0, VendorId:0x8086
[2018.02.28-21.23.42:561][  0]LogD3D11RHI:    2. 'Microsoft Basic Render Driver' (Feature Level 11_0)
[2018.02.28-21.23.42:561][  0]LogD3D11RHI:       0/0/4028 MB DedicatedVideo/DedicatedSystem/SharedSystem, Outputs:0, VendorId:0x1414
[2018.02.28-21.23.42:561][  0]LogD3D11RHI: Chosen D3D11 Adapter: 0
[2018.02.28-21.23.42:567][  0]LogD3D11RHI: Creating new Direct3DDevice
[2018.02.28-21.23.42:567][  0]LogD3D11RHI:     GPU DeviceId: 0x139a (for the marketing name, search the web for "GPU Device Id")
[2018.02.28-21.23.42:567][  0]LogWindows: EnumDisplayDevices:
[2018.02.28-21.23.42:567][  0]LogWindows:    0. 'Intel(R) HD Graphics 530' (P:1 D:1)
[2018.02.28-21.23.42:568][  0]LogWindows:    1. 'Intel(R) HD Graphics 530' (P:0 D:0)
[2018.02.28-21.23.42:568][  0]LogWindows:    2. 'Intel(R) HD Graphics 530' (P:0 D:0)
[2018.02.28-21.23.42:568][  0]LogWindows: DebugString: GetVideoDriverDetailsInvalid PrimaryIsNotTheChoosenAdapter GetVideoDriverDetailsInvalid PrimaryIsNotTheChoosenAdapter GetVideoDriverDetailsInvalid PrimaryIsNotTheChoosenAdapter FoundDriverCount:0 
[2018.02.28-21.23.42:568][  0]LogD3D11RHI:     Adapter Name: NVIDIA GeForce GTX 950M
[2018.02.28-21.23.42:568][  0]LogD3D11RHI:   Driver Version: Unknown (internal:Unknown, unified:Unknown)
[2018.02.28-21.23.42:568][  0]LogD3D11RHI:      Driver Date: Unknown
[2018.02.28-21.23.42:568][  0]LogRHI: Texture pool is 1413 MB (70% of 2018 MB)
[2018.02.28-21.23.42:582][  0]LogD3D11RHI: Async texture creation enabled
[2018.02.28-21.23.42:597][  0]LogD3D11RHI: GPU Timing Frequency: 1000.000000 (Debug: 2 1)
[2018.02.28-21.23.42:597][  0]LogShaderCompilers: Guid format shader working directory is -8 characters bigger than the processId version (../../../../../../Users/ASUS/Desktop/Cassiopée/Estier/Intermediate/Shaders/WorkingDirectory/5748/).
[2018.02.28-21.23.42:597][  0]LogShaderCompilers: Cleaned the shader compiler working directory 'C:/Users/ASUS/AppData/Local/Temp/UnrealShaderWorkingDir/64F6F692407BE9179DD1FDA40FB34928/'.
[2018.02.28-21.23.42:598][  0]LogShaderCompilers: Display: Using Local Shader Compiler.
[2018.02.28-21.23.44:752][  0]LogTemp: Display: Loaded TP AllDesktopTargetPlatform
[2018.02.28-21.23.44:809][  0]LogTemp: Display: Loaded TP MacClientTargetPlatform
[2018.02.28-21.23.44:875][  0]LogTemp: Display: Loaded TP MacNoEditorTargetPlatform
[2018.02.28-21.23.44:959][  0]LogTemp: Display: Loaded TP MacServerTargetPlatform
[2018.02.28-21.23.45:041][  0]LogTemp: Display: Loaded TP MacTargetPlatform
[2018.02.28-21.23.45:100][  0]LogTemp: Display: Loaded TP WindowsClientTargetPlatform
[2018.02.28-21.23.45:166][  0]LogTemp: Display: Loaded TP WindowsNoEditorTargetPlatform
[2018.02.28-21.23.45:232][  0]LogTemp: Display: Loaded TP WindowsServerTargetPlatform
[2018.02.28-21.23.45:282][  0]LogTemp: Display: Loaded TP WindowsTargetPlatform
[2018.02.28-21.23.45:356][  0]LogTemp: Display: Loaded TP Android_ASTCTargetPlatform
[2018.02.28-21.23.45:416][  0]LogTemp: Display: Loaded TP Android_ATCTargetPlatform
[2018.02.28-21.23.45:474][  0]LogTemp: Display: Loaded TP Android_DXTTargetPlatform
[2018.02.28-21.23.45:540][  0]LogTemp: Display: Loaded TP Android_ETC1TargetPlatform
[2018.02.28-21.23.45:605][  0]LogTemp: Display: Loaded TP Android_ETC2TargetPlatform
[2018.02.28-21.23.45:732][  0]LogTemp: Display: Loaded TP Android_MultiTargetPlatform
[2018.02.28-21.23.45:732][  0]LogTemp: Display: Loaded TP Android_PVRTCTargetPlatform
[2018.02.28-21.23.45:801][  0]LogTemp: Display: Loaded TP AndroidTargetPlatform
[2018.02.28-21.23.45:852][  0]LogTemp: Display: Loaded TP HTML5TargetPlatform
[2018.02.28-21.23.45:966][  0]LogTemp: Display: Loaded TP IOSTargetPlatform
[2018.02.28-21.23.45:996][  0]LogTemp: Display: Loaded TP TVOSTargetPlatform
[2018.02.28-21.23.46:053][  0]LogTemp: Display: Loaded TP LinuxClientTargetPlatform
[2018.02.28-21.23.46:115][  0]LogTemp: Display: Loaded TP LinuxNoEditorTargetPlatform
[2018.02.28-21.23.46:173][  0]LogTemp: Display: Loaded TP LinuxServerTargetPlatform
[2018.02.28-21.23.46:230][  0]LogTemp: Display: Loaded TP LinuxTargetPlatform
[2018.02.28-21.23.46:230][  0]LogTargetPlatformManager: Display: Building Assets For Windows
[2018.02.28-21.23.46:814][  0]LogDerivedDataCache: Display: Max Cache Size: 512 MB
[2018.02.28-21.23.46:894][  0]LogDerivedDataCache: Loaded boot cache 0.08s 78MB C:/Users/ASUS/AppData/Local/UnrealEngine/4.18/DerivedDataCache/Boot.ddc.
[2018.02.28-21.23.46:895][  0]LogDerivedDataCache: Display: Loaded Boot cache: C:/Users/ASUS/AppData/Local/UnrealEngine/4.18/DerivedDataCache/Boot.ddc
[2018.02.28-21.23.46:895][  0]LogDerivedDataCache: FDerivedDataBackendGraph:  Pak pak cache file ../../../../../../Users/ASUS/Desktop/Cassiopée/Estier/DerivedDataCache/DDC.ddp not found, will not use a pak cache.
[2018.02.28-21.23.46:895][  0]LogDerivedDataCache: Unable to find inner node Pak for hierarchical cache Hierarchy.
[2018.02.28-21.23.46:895][  0]LogDerivedDataCache: FDerivedDataBackendGraph:  CompressedPak pak cache file ../../../../../../Users/ASUS/Desktop/Cassiopée/Estier/DerivedDataCache/Compressed.ddp not found, will not use a pak cache.
[2018.02.28-21.23.46:895][  0]LogDerivedDataCache: Unable to find inner node CompressedPak for hierarchical cache Hierarchy.
[2018.02.28-21.23.46:913][  0]LogDerivedDataCache: Display: Pak cache opened for reading ../../../Engine/DerivedDataCache/Compressed.ddp.
[2018.02.28-21.23.46:925][  0]LogDerivedDataCache: Using Local data cache path C:/Users/ASUS/AppData/Local/UnrealEngine/Common/DerivedDataCache: Writable
[2018.02.28-21.23.46:936][  0]LogMaterial: Verifying Global Shaders for PCD3D_SM5
[2018.02.28-21.23.46:937][  0]LogSlate: Using Freetype 2.6.0
[2018.02.28-21.23.46:938][  0]LogSlate: SlateFontCache - WITH_FREETYPE: 1, WITH_HARFBUZZ: 1
[2018.02.28-21.23.46:938][  0]LogSlate: SlateFontCache - WITH_FREETYPE: 1, WITH_HARFBUZZ: 1
[2018.02.28-21.23.47:978][  0]LogInit: Selected Device Profile: [Windows]
[2018.02.28-21.23.48:401][  0]LogSimplygon: Simplygon DLL not present - disabling.
[2018.02.28-21.23.48:447][  0]LogMeshReduction: Using SimplygonSwarm for distributed automatic mesh merging
[2018.02.28-21.23.48:447][  0]LogMeshReduction: Using QuadricMeshReduction for automatic static mesh reduction
[2018.02.28-21.23.48:447][  0]LogMeshReduction: No automatic skeletal mesh reduction module available
[2018.02.28-21.23.48:447][  0]LogMeshReduction: No automatic mesh merging module available
[2018.02.28-21.23.48:447][  0]LogMeshMerging: No automatic mesh merging module available
[2018.02.28-21.23.48:480][  0]LogNetVersion: Stier , NetCL: 3709383, EngineNetVer: 2, GameNetVer: 0 (Checksum: 164095078)
[2018.02.28-21.23.48:678][  0]LogAssetRegistry: FAssetRegistry took 0.0267 seconds to start up
[2018.02.28-21.23.49:276][  0]LogPackageLocalizationCache: Processed 7 localized package path(s) for 1 prioritized culture(s) in 0.055105 seconds
[2018.02.28-21.23.49:284][  0]LogUObjectArray: 35870 objects as part of root set at end of initial load.
[2018.02.28-21.23.49:284][  0]LogUObjectAllocator: 7363704 out of 0 bytes used by permanent object pool.
[2018.02.28-21.23.49:284][  0]LogUObjectArray: CloseDisregardForGC: 0/0 objects in disregard for GC pool
[2018.02.28-21.23.49:349][  0]LogInit: WinSock: version 1.1 (2.2), MaxSocks=32767, MaxUdp=65467
[2018.02.28-21.24.01:508][  0]LogTcpMessaging: Initializing TcpMessaging bridge
[2018.02.28-21.24.01:563][  0]LogUdpMessaging: Initializing bridge on interface 0.0.0.0:0 to multicast group 230.0.0.1:6666.
[2018.02.28-21.24.02:164][  0]UE4DuinoLog: Warning: UE4Duino: Log Started
[2018.02.28-21.24.02:570][  0]LogMaterial: Uniform references updated for custom material expression Custom.
[2018.02.28-21.24.03:101][  0]SourceControl: Source control is disabled
[2018.02.28-21.24.03:101][  0]SourceControl: Source control is disabled
[2018.02.28-21.24.03:168][  0]SourceControl: Source control is disabled
[2018.02.28-21.24.03:238][  0]SourceControl: Source control is disabled
[2018.02.28-21.24.04:378][  0]LogAndroidPermission: UAndroidPermissionCallbackProxy::GetInstance
[2018.02.28-21.24.04:715][  0]LogOcInput: OculusInput pre-init called
[2018.02.28-21.24.05:109][  0]LogEngine: Initializing Engine...
[2018.02.28-21.24.05:111][  0]LogHMD: Failed to initialize OpenVR with code 110
[2018.02.28-21.24.05:368][  0]LogStats: UGameplayTagsManager::ConstructGameplayTagTree: Construct from data asset -  0.000 s
[2018.02.28-21.24.05:368][  0]LogStats: UGameplayTagsManager::ConstructGameplayTagTree: GameplayTagTreeChangedEvent.Broadcast -  0.000 s
[2018.02.28-21.24.05:537][  0]LogAIModule: Creating AISystem for world Untitled
[2018.02.28-21.24.05:556][  0]LogInit: XAudio2 using 'Speakers (Conexant SmartAudio HD)' : 2 channels at 48 kHz using 32 bits per sample (channel mask 0x3)
[2018.02.28-21.24.05:601][  0]LogInit: FAudioDevice initialized.
[2018.02.28-21.24.05:973][  0]LogDerivedDataCache: Saved boot cache 0.37s 78MB C:/Users/ASUS/AppData/Local/UnrealEngine/4.18/DerivedDataCache/Boot.ddc.
[2018.02.28-21.24.05:992][  0]LogInit: Texture streaming: Enabled
[2018.02.28-21.24.06:112][  0]LogEngineSessionManager: EngineSessionManager initialized
[2018.02.28-21.24.06:281][  0]LogInit: Transaction tracking system initialized
[2018.02.28-21.24.06:689][  0]BlueprintLog: New page: Editor Load
[2018.02.28-21.24.07:901][  0]LocalizationService: Localization service is disabled
[2018.02.28-21.24.08:934][  0]LogConsoleResponse: Display: 
[2018.02.28-21.24.09:251][  0]LogCook: Display: Max memory allowance for cook 16384mb min free memory 0mb
[2018.02.28-21.24.09:251][  0]LogCook: Display: Mobile HDR setting 1
[2018.02.28-21.24.09:252][  0]LogGameplayTags: Display: UGameplayTagsManager::DoneAddingNativeTags. DelegateIsBound: 0
[2018.02.28-21.24.09:690][  0]LogFileCache: Scanning file cache for directory 'C:/Users/ASUS/Desktop/Cassiopée/Estier/Content/' took 0.02s
[2018.02.28-21.24.10:935][  0]SourceControl: Source control is disabled
[2018.02.28-21.24.10:935][  0]Cmd: MAP LOAD FILE="../../../../../../Users/ASUS/Desktop/Cassiopée/Estier/Content/FlyingCPP/Maps/FlyingExampleMap.umap" TEMPLATE=0 SHOWPROGRESS=1 FEATURELEVEL=3
[2018.02.28-21.24.10:936][  0]LightingResults: New page: Lighting Build
[2018.02.28-21.24.10:986][  0]MapCheck: New page: Map Check
[2018.02.28-21.24.10:986][  0]LightingResults: New page: Lighting Build
[2018.02.28-21.24.11:837][  0]LogAIModule: Creating AISystem for world FlyingExampleMap
[2018.02.28-21.24.11:852][  0]LogEditorServer: Finished looking for orphan Actors (0.000 secs)
[2018.02.28-21.24.11:869][  0]Cmd: MAP CHECKDEP NOCLEARLOG
[2018.02.28-21.24.11:932][  0]MapCheck: Map check complete: 0 Error(s), 0 Warning(s), took 63.05ms to complete.
[2018.02.28-21.24.11:932][  0]LogFileHelpers: Loading map 'FlyingExampleMap' took 0.997
[2018.02.28-21.24.12:102][  0]LogCollectionManager: Loaded 0 collections in 0.001887 seconds
[2018.02.28-21.24.12:197][  0]LogFileCache: Scanning file cache for directory 'C:/Users/ASUS/Desktop/Cassiopée/Estier/Saved/Collections/' took 0.01s
[2018.02.28-21.24.12:197][  0]LogFileCache: Scanning file cache for directory 'C:/Users/ASUS/Desktop/Cassiopée/Estier/Content/Developers/ASUS/Collections/' took 0.01s
[2018.02.28-21.24.12:198][  0]LogFileCache: Scanning file cache for directory 'C:/Users/ASUS/Desktop/Cassiopée/Estier/Content/Collections/' took 0.01s
[2018.02.28-21.24.12:198][  0]LogCollectionManager: Rebuilt the GUID cache for 0 collections in 0.000000 seconds
[2018.02.28-21.24.12:209][  0]LogContentBrowser: Native class hierarchy populated in 0.0116 seconds. Added 2364 classes and 522 folders.
[2018.02.28-21.24.12:289][  0]LogContentBrowser: Native class hierarchy updated for 'WidgetCarousel' in 0.0002 seconds. Added 0 classes and 0 folders.
[2018.02.28-21.24.12:334][  0]LogContentBrowser: Native class hierarchy updated for 'AddContentDialog' in 0.0002 seconds. Added 0 classes and 0 folders.
[2018.02.28-21.24.12:390][  0]LogContentBrowser: Native class hierarchy updated for 'SceneOutliner' in 0.0003 seconds. Added 1 classes and 2 folders.
[2018.02.28-21.24.12:551][  0]LogContentBrowser: Native class hierarchy updated for 'HierarchicalLODOutliner' in 0.0003 seconds. Added 1 classes and 2 folders.
[2018.02.28-21.24.12:551][  0]LogLoad: (Engine Initialization) Total time: 37.60 seconds
[2018.02.28-21.24.12:551][  0]LogLoad: (Engine Initialization) Total Blueprint compile time: 0.00 seconds
[2018.02.28-21.24.12:551][  0]LogExternalProfiler: Found external profiler: VSPerf
[2018.02.28-21.24.12:551][  0]LogExternalProfiler: Using external profiler: VSPerf
[2018.02.28-21.24.12:590][  0]LogContentStreaming: Texture pool size now 1000 MB
[2018.02.28-21.24.12:592][  0]LogSlate: Took 0.000266 seconds to synchronously load lazily loaded font '../../../Engine/Content/Slate/Fonts/Roboto-Regular.ttf' (155K)
[2018.02.28-21.24.12:593][  0]LogSlate: Took 0.000201 seconds to synchronously load lazily loaded font '../../../Engine/Content/Slate/Fonts/Roboto-Bold.ttf' (160K)
[2018.02.28-21.24.12:598][  0]LogSlate: Took 0.000210 seconds to synchronously load lazily loaded font '../../../Engine/Content/Editor/Slate/Fonts/FontAwesome.ttf' (139K)
[2018.02.28-21.24.12:714][  0]LogSlate: Took 0.000303 seconds to synchronously load lazily loaded font '../../../Engine/Content/Slate/Fonts/Roboto-Light.ttf' (159K)
[2018.02.28-21.24.12:769][  1]LogAssetRegistry: Asset discovery search completed in 24.1126 seconds
[2018.02.28-21.24.12:772][  1]LogCollectionManager: Rebuilt the object cache for 0 collections in 0.000000 seconds (found 0 objects)
[2018.02.28-21.24.12:772][  1]LogCollectionManager: Fixed up redirectors for 0 collections in 0.000072 seconds (updated 0 objects)
[2018.02.28-21.24.12:800][  2]LogRenderer: Reallocating scene render targets to support 800x360 Format 10 NumSamples 1 (Frame:1).
[2018.02.28-21.24.21:110][445]LogRenderer: Reallocating scene render targets to support 964x460 Format 10 NumSamples 1 (Frame:446).
[2018.02.28-21.24.28:658][837]LogSlate: Took 0.000237 seconds to synchronously load lazily loaded font '../../../Engine/Content/Slate/Fonts/Roboto-Light.ttf' (159K)
[2018.02.28-21.24.29:111][837]LogContentBrowser: Native class hierarchy updated for 'BlueprintGraph' in 0.0007 seconds. Added 116 classes and 0 folders.
[2018.02.28-21.24.30:067][837]LogSlate: Took 0.000154 seconds to synchronously load lazily loaded font '../../../Engine/Content/Slate/Fonts/Roboto-Light.ttf' (159K)
[2018.02.28-21.24.30:085][837]LogSlate: Took 0.017482 seconds to synchronously load lazily loaded font '../../../Engine/Content/Editor/Slate/Fonts/Roboto-BoldCondensed.ttf' (158K)
[2018.02.28-21.24.40:676][390]LogLinker: Warning: Can't find file '/Game/blueprint/GameInfoInstance'
[2018.02.28-21.24.40:676][390]LogLinker: Warning: Can't find file for asset '/Game/blueprint/GameInfoInstance' while loading ../../../../../../Users/ASUS/Desktop/Cassiopée/Estier/Content/UI/TODO.uasset.
[2018.02.28-21.24.40:676][390]LoadErrors: Error: /Game/UI/TODO : Can't find file for asset. /Game/blueprint/GameInfoInstance
[2018.02.28-21.24.40:677][390]LogLinker: Warning: Can't find file '/Game/blueprint/GameInfoInstance'
[2018.02.28-21.24.40:677][390]LogLinker: Warning: Can't find file for asset '/Game/blueprint/GameInfoInstance' while loading ../../../../../../Users/ASUS/Desktop/Cassiopée/Estier/Content/UI/TODO.uasset.
[2018.02.28-21.24.40:678][390]LogLinker: Warning: Can't find file '/Game/Image/TO_DO'
[2018.02.28-21.24.40:678][390]LogLinker: Warning: Can't find file for asset '/Game/Image/TO_DO' while loading ../../../../../../Users/ASUS/Desktop/Cassiopée/Estier/Content/UI/TODO.uasset.
[2018.02.28-21.24.40:678][390]LoadErrors: Error: /Game/UI/TODO : Can't find file for asset. /Game/Image/TO_DO
[2018.02.28-21.24.40:678][390]LogLinker: Warning: Can't find file '/Game/Image/TO_DO'
[2018.02.28-21.24.40:678][390]LogLinker: Warning: Can't find file for asset '/Game/Image/TO_DO' while loading ../../../../../../Users/ASUS/Desktop/Cassiopée/Estier/Content/UI/TODO.uasset.
[2018.02.28-21.24.40:679][390]LogLinker: Warning: Can't find file '/Game/blueprint/GameInfoInstance'
[2018.02.28-21.24.40:680][390]LogLinker: Warning: Can't find file for asset '/Game/blueprint/GameInfoInstance' while loading NULL.
[2018.02.28-21.24.40:680][390]LogLinker: Warning: Can't find file '/Game/blueprint/GameInfoInstance'
[2018.02.28-21.24.40:680][390]LogLinker: Warning: Can't find file for asset '/Game/blueprint/GameInfoInstance' while loading NULL.
[2018.02.28-21.24.40:680][390]LogLinker: Warning: Can't find file '/Game/blueprint/GameInfoInstance'
[2018.02.28-21.24.40:680][390]LogLinker: Warning: Can't find file for asset '/Game/blueprint/GameInfoInstance' while loading NULL.
[2018.02.28-21.24.40:680][390]LogLinker: Warning: Can't find file '/Game/Image/TO_DO'
[2018.02.28-21.24.40:680][390]LogLinker: Warning: Can't find file for asset '/Game/Image/TO_DO' while loading NULL.
[2018.02.28-21.24.40:680][390]LogLinker: Warning: Can't find file '/Game/Image/TO_DO'
[2018.02.28-21.24.40:681][390]LogLinker: Warning: Can't find file for asset '/Game/Image/TO_DO' while loading NULL.
[2018.02.28-21.24.40:681][390]LogLinker: Warning: Can't find file '/Game/blueprint/GameInfoInstance'
[2018.02.28-21.24.40:682][390]LoadErrors: Failed to load /Game/blueprint/GameInfoInstance.GameInfoInstance_C Referenced by TODO
[2018.02.28-21.24.40:682][390]LogLinker: Warning: Can't find file for asset '/Game/blueprint/GameInfoInstance' while loading NULL.
[2018.02.28-21.24.40:682][390]LogLinker: Warning: Can't find file '/Game/Image/TO_DO'
[2018.02.28-21.24.40:682][390]LoadErrors: Failed to load /Game/Image/TO_DO.TO_DO Referenced by Image_0
[2018.02.28-21.24.40:682][390]LogLinker: Warning: Can't find file for asset '/Game/Image/TO_DO' while loading NULL.
[2018.02.28-21.24.40:683][390]LogLinker: Warning: Can't find file '/Game/blueprint/GameInfoInstance'
[2018.02.28-21.24.40:683][390]LoadErrors: Failed to load /Game/blueprint/GameInfoInstance.GameInfoInstance_C Referenced by K2Node_DynamicCast_3
[2018.02.28-21.24.40:683][390]LogLinker: Warning: Can't find file for asset '/Game/blueprint/GameInfoInstance' while loading NULL.
[2018.02.28-21.24.40:684][390]LogLinker: Warning: Can't find file '/Game/blueprint/GameInfoInstance'
[2018.02.28-21.24.40:684][390]LogLinker: Warning: Can't find file for asset '/Game/blueprint/GameInfoInstance' while loading NULL.
[2018.02.28-21.24.40:684][390]LogLinker: Warning: Can't find file '/Game/blueprint/GameInfoInstance'
[2018.02.28-21.24.40:684][390]LoadErrors: Failed to load /Game/blueprint/GameInfoInstance.GameInfoInstance_C Referenced by K2Node_VariableSet_269
[2018.02.28-21.24.40:684][390]LogLinker: Warning: Can't find file for asset '/Game/blueprint/GameInfoInstance' while loading NULL.
[2018.02.28-21.24.40:684][390]LogLinker: Warning: Can't find file '/Game/blueprint/GameInfoInstance'
[2018.02.28-21.24.40:684][390]LogLinker: Warning: Can't find file for asset '/Game/blueprint/GameInfoInstance' while loading NULL.
[2018.02.28-21.24.40:685][390]LogLinker: Warning: Can't find file '/Game/blueprint/GameInfoInstance'
[2018.02.28-21.24.40:685][390]LoadErrors: Failed to load /Game/blueprint/GameInfoInstance.GameInfoInstance_C Referenced by K2Node_VariableGet_300
[2018.02.28-21.24.40:685][390]LogLinker: Warning: Can't find file for asset '/Game/blueprint/GameInfoInstance' while loading NULL.
[2018.02.28-21.24.40:685][390]LogLinker: Warning: Can't find file '/Game/blueprint/GameInfoInstance'
[2018.02.28-21.24.40:685][390]LoadErrors: Failed to load /Game/blueprint/GameInfoInstance.GameInfoInstance_C Referenced by K2Node_CallFunction_15
[2018.02.28-21.24.40:685][390]LogLinker: Warning: Can't find file for asset '/Game/blueprint/GameInfoInstance' while loading NULL.
[2018.02.28-21.24.40:685][390]LogLinker: Warning: Can't find file '/Game/blueprint/GameInfoInstance'
[2018.02.28-21.24.40:686][390]LogLinker: Warning: Can't find file for asset '/Game/blueprint/GameInfoInstance' while loading NULL.
[2018.02.28-21.24.40:727][390]LogBlueprint: Error: [Compiler TODO] In use pin  <Unnamed>  no longer exists on node  Show Main Menu . Please refresh node or break links to remove pin.
[2018.02.28-21.24.40:727][390]LogBlueprint: Error: [Compiler TODO] In use pin  Target  no longer exists on node  Show Main Menu . Please refresh node or break links to remove pin.
[2018.02.28-21.24.40:728][390]LogBlueprint: Error: [Compiler TODO] Could not find a function named "Show MainMenu" in 'TODO'.
Make sure 'TODO' has been compiled for  Show Main Menu
[2018.02.28-21.24.40:728][390]LogBlueprint: Error: [Compiler TODO] In use pin  Instanceref  no longer exists on node  Get . Please refresh node or break links to remove pin.
[2018.02.28-21.24.40:728][390]LogBlueprint: Error: [Compiler TODO] In use pin  Instanceref  no longer exists on node  Set . Please refresh node or break links to remove pin.
[2018.02.28-21.24.40:734][390]LogBlueprint: Error: [Compiler TODO] Can't connect pins  Object  and  Return Value : This cast has an invalid target type (was the class deleted without a redirect?).
[2018.02.28-21.24.40:734][390]LogBlueprint: Error: [Compiler TODO] In use pin  As Game Info Instance  no longer exists on node  Bad cast node . Please refresh node or break links to remove pin.
[2018.02.28-21.24.40:734][390]LogBlueprint: Error: [Compiler TODO] Can't connect pins  Return Value  and  Object : This cast has an invalid target type (was the class deleted without a redirect?).
[2018.02.28-21.24.40:735][390]LogBlueprint: Warning: [Compiler TODO] [0065.78] Compile of TODO failed. 8 Fatal Issue(s) 0 Warning(s) [in 49 ms] (/Game/UI/TODO.TODO)
[2018.02.28-21.25.45:938][308]LogAudioDerivedData: Display: Building compressed audio format OGG wave CD7_CHARASELE_STR_VC1_E_00000000...
[2018.02.28-21.25.46:005][308]LogAudioDerivedData: Display: Building compressed audio format OGG wave CD7_CHARASELE_STR_VC1_J_00000000...
[2018.02.28-21.25.46:057][308]LogAudioDerivedData: Display: Building compressed audio format OGG wave CD7_CHARASELE_STR_VC2_E_00000000...
[2018.02.28-21.25.46:138][308]LogAudioDerivedData: Display: Building compressed audio format OGG wave CD7_CHARASELE_STR_VC2_J_00000000...
[2018.02.28-21.25.46:187][308]LogAudioDerivedData: Display: Building compressed audio format OGG wave CD7_CHARASELE_SVV_VC1_E_00000000...
[2018.02.28-21.25.46:233][308]LogAudioDerivedData: Display: Building compressed audio format OGG wave CD7_CHARASELE_SVV_VC1_J_00000000...
[2018.02.28-21.25.46:318][308]LogAudioDerivedData: Display: Building compressed audio format OGG wave CD7_CHARASELE_SVV_VC2_E_00000000...
[2018.02.28-21.25.46:385][308]LogAudioDerivedData: Display: Building compressed audio format OGG wave CD7_CHARASELE_SVV_VC2_J_00000000...
[2018.02.28-21.25.46:417][308]LogAudioDerivedData: Display: Building compressed audio format OGG wave CD7_CHARASELE_SVV_VC3_E_00000000...
[2018.02.28-21.25.46:467][308]LogAudioDerivedData: Display: Building compressed audio format OGG wave CD7_CHARASELE_SVV_VC3_J_00000000...
[2018.02.28-21.25.46:528][308]LogAudioDerivedData: Display: Building compressed audio format OGG wave CD7_CHARASELE_SVV_VC4_E_00000000...
[2018.02.28-21.25.46:583][308]LogAudioDerivedData: Display: Building compressed audio format OGG wave CD7_CHARASELE_SVV_VC4_J_00000000...
[2018.02.28-21.25.46:631][308]LogAudioDerivedData: Display: Building compressed audio format OGG wave CD7_CHARASELE_VC_E_00000000...
[2018.02.28-21.25.46:667][308]LogAudioDerivedData: Display: Building compressed audio format OGG wave CD7_CHARASELE_VC_SYS_E_00000000...
[2018.02.28-21.25.46:691][308]LogAudioDerivedData: Display: Building compressed audio format OGG wave CD7_CHARASELE_VC_SYS_J_00000000...
[2018.02.28-21.25.46:716][308]LogAudioDerivedData: Display: Building compressed audio format OGG wave CD7_CHRSTR_E_00000000...
[2018.02.28-21.25.46:761][308]LogAudioDerivedData: Display: Building compressed audio format OGG wave CD7_CHRSTR_E_00000001...
[2018.02.28-21.25.46:805][308]LogAudioDerivedData: Display: Building compressed audio format OGG wave CD7_CHRSTR_E_00000002...
[2018.02.28-21.25.46:845][308]LogAudioDerivedData: Display: Building compressed audio format OGG wave CD7_CHRSTR_E_00000003...
[2018.02.28-21.25.46:930][308]LogAudioDerivedData: Display: Building compressed audio format OGG wave CD7_CHRSTR_E_00000004...
[2018.02.28-21.25.46:962][308]LogAudioDerivedData: Display: Building compressed audio format OGG wave CD7_CHRSTR_E_00000005...
[2018.02.28-21.25.47:044][308]LogAudioDerivedData: Display: Building compressed audio format OGG wave CD7_CHRSTR_E_00000006...
[2018.02.28-21.25.47:087][308]LogAudioDerivedData: Display: Building compressed audio format OGG wave CD7_CHRSTR_E_00000007...
[2018.02.28-21.25.47:139][308]LogAudioDerivedData: Display: Building compressed audio format OGG wave CD7_CHRSTR_E_00000008...
[2018.02.28-21.25.47:206][308]LogAudioDerivedData: Display: Building compressed audio format OGG wave CD7_CHRSTR_J_00000000...
[2018.02.28-21.25.47:243][308]LogAudioDerivedData: Display: Building compressed audio format OGG wave CD7_CHRSTR_J_00000001...
[2018.02.28-21.25.47:293][308]LogAudioDerivedData: Display: Building compressed audio format OGG wave CD7_CHRSTR_J_00000002...
[2018.02.28-21.25.47:332][308]LogAudioDerivedData: Display: Building compressed audio format OGG wave CD7_CHRSTR_J_00000003...
[2018.02.28-21.25.47:391][308]LogAudioDerivedData: Display: Building compressed audio format OGG wave CD7_CHRSTR_J_00000004...
[2018.02.28-21.25.47:425][308]LogAudioDerivedData: Display: Building compressed audio format OGG wave CD7_CHRSTR_J_00000005...
[2018.02.28-21.25.47:501][308]LogAudioDerivedData: Display: Building compressed audio format OGG wave CD7_CHRSTR_J_00000006...
[2018.02.28-21.25.47:529][308]LogAudioDerivedData: Display: Building compressed audio format OGG wave CD7_CHRSTR_J_00000007...
[2018.02.28-21.25.47:579][308]LogAudioDerivedData: Display: Building compressed audio format OGG wave CD7_CHRSTR_J_00000008...
[2018.02.28-21.25.47:623][308]LogAudioDerivedData: Display: Building compressed audio format OGG wave CD7_CV_E_00000000...
[2018.02.28-21.25.47:673][308]LogAudioDerivedData: Display: Building compressed audio format OGG wave CD7_CV_E_00000001...
[2018.02.28-21.25.47:711][308]LogAudioDerivedData: Display: Building compressed audio format OGG wave CD7_CV_E_00000002...
[2018.02.28-21.25.47:744][308]LogAudioDerivedData: Display: Building compressed audio format OGG wave CD7_CV_E_00000003...
[2018.02.28-21.25.47:823][308]LogAudioDerivedData: Display: Building compressed audio format OGG wave CD7_CV_E_00000004...
[2018.02.28-21.25.47:879][308]LogAudioDerivedData: Display: Building compressed audio format OGG wave CD7_CV_E_00000005...
[2018.02.28-21.25.47:916][308]LogAudioDerivedData: Display: Building compressed audio format OGG wave CD7_CV_E_00000006...
[2018.02.28-21.25.47:973][308]LogAudioDerivedData: Display: Building compressed audio format OGG wave CD7_CV_E_00000007...
[2018.02.28-21.25.48:006][308]LogAudioDerivedData: Display: Building compressed audio format OGG wave CD7_CV_E_00000008...
[2018.02.28-21.25.48:081][308]LogAudioDerivedData: Display: Building compressed audio format OGG wave CD7_CV_E_00000009...
[2018.02.28-21.25.48:097][308]LogAudioDerivedData: Display: Building compressed audio format OGG wave CD7_CV_E_0000000A...
[2018.02.28-21.25.48:136][308]LogAudioDerivedData: Display: Building compressed audio format OGG wave CD7_CV_E_0000000B...
[2018.02.28-21.25.48:164][308]LogAudioDerivedData: Display: Building compressed audio format OGG wave CD7_CV_E_0000000C...
[2018.02.28-21.25.48:217][308]LogAudioDerivedData: Display: Building compressed audio format OGG wave CD7_CV_E_0000000D...
[2018.02.28-21.25.48:270][308]LogAudioDerivedData: Display: Building compressed audio format OGG wave CD7_CV_E_0000000E...
[2018.02.28-21.25.48:401][308]LogAudioDerivedData: Display: Building compressed audio format OGG wave CD7_CV_E_0000000F...
[2018.02.28-21.25.48:475][308]LogAudioDerivedData: Display: Building compressed audio format OGG wave CD7_CV_E_00000010...
[2018.02.28-21.25.48:494][308]LogAudioDerivedData: Display: Building compressed audio format OGG wave CD7_CV_E_00000011...
[2018.02.28-21.25.48:550][308]LogAudioDerivedData: Display: Building compressed audio format OGG wave CD7_CV_E_00000012...
[2018.02.28-21.25.48:589][308]LogAudioDerivedData: Display: Building compressed audio format OGG wave CD7_CV_E_00000013...
[2018.02.28-21.26.00:396][863]LogWindowsTextInputMethodSystem: Display: IME system now deactivated.
[2018.02.28-21.26.00:638][864]Cmd: QUIT_EDITOR
[2018.02.28-21.26.00:665][864]LogExit: Preparing to exit.
[2018.02.28-21.26.01:630][864]LogDirectoryWatcher: A directory notification for 'C:/Users/ASUS/Desktop/Cassiopée/Estier/Content/' was aborted.
[2018.02.28-21.26.01:665][864]LogExit: Editor shut down
[2018.02.28-21.26.01:669][864]LogExit: Transaction tracking system shut down
[2018.02.28-21.26.01:833][864]LogDirectoryWatcher: A directory notification for '../../../Engine/Content/' was aborted.
[2018.02.28-21.26.01:833][864]LogDirectoryWatcher: A directory notification for '../../../../../../Users/ASUS/Desktop/Cassiopée/Estier/Content/' was aborted.
[2018.02.28-21.26.01:833][864]LogDirectoryWatcher: A directory notification for '../../../Engine/Plugins/2D/Paper2D/Content/' was aborted.
[2018.02.28-21.26.01:833][864]LogDirectoryWatcher: A directory notification for '../../../Engine/Plugins/Media/MediaCompositing/Content/' was aborted.
[2018.02.28-21.26.01:834][864]LogDirectoryWatcher: A directory notification for '../../../Engine/Plugins/Runtime/AppleARKit/Content/' was aborted.
[2018.02.28-21.26.01:834][864]LogDirectoryWatcher: A directory notification for '../../../Engine/Plugins/Runtime/Oculus/OculusVR/Content/' was aborted.
[2018.02.28-21.26.01:834][864]LogDirectoryWatcher: A directory notification for '../../../Engine/Plugins/Runtime/Steam/SteamVR/Content/' was aborted.
[2018.02.28-21.26.01:945][864]LogExit: Object subsystem successfully closed.
[2018.02.28-21.26.01:971][864]LogD3D11RHI: Shutdown
[2018.02.28-21.26.01:972][864]LogD3D11RHI: CleanupD3DDevice
[2018.02.28-21.26.01:974][864]LogD3D11RHI: ~FD3D11DynamicRHI
[2018.02.28-21.26.01:990][864]LogModuleManager: Shutting down and abandoning module SequencerWidgets (554)
[2018.02.28-21.26.01:990][864]LogModuleManager: Shutting down and abandoning module BlueprintGraph (552)
[2018.02.28-21.26.01:990][864]LogModuleManager: Shutting down and abandoning module HierarchicalLODOutliner (550)
[2018.02.28-21.26.01:990][864]LogModuleManager: Shutting down and abandoning module SceneOutliner (548)
[2018.02.28-21.26.01:990][864]LogModuleManager: Shutting down and abandoning module AddContentDialog (546)
[2018.02.28-21.26.01:990][864]LogDirectoryWatcher: A directory notification for 'C:/Program Files/Epic Games/UE_4.18/FeaturePacks/' was aborted.
[2018.02.28-21.26.01:991][864]LogModuleManager: Shutting down and abandoning module WidgetCarousel (545)
[2018.02.28-21.26.01:991][864]LogModuleManager: Shutting down and abandoning module EditorWidgets (542)
[2018.02.28-21.26.01:991][864]LogModuleManager: Shutting down and abandoning module CollectionManager (540)
[2018.02.28-21.26.01:991][864]LogDirectoryWatcher: A directory notification for 'C:/Users/ASUS/Desktop/Cassiopée/Estier/Content/Collections/' was aborted.
[2018.02.28-21.26.01:991][864]LogDirectoryWatcher: A directory notification for 'C:/Users/ASUS/Desktop/Cassiopée/Estier/Content/Developers/ASUS/Collections/' was aborted.
[2018.02.28-21.26.01:991][864]LogDirectoryWatcher: A directory notification for 'C:/Users/ASUS/Desktop/Cassiopée/Estier/Saved/Collections/' was aborted.
[2018.02.28-21.26.01:991][864]LogModuleManager: Shutting down and abandoning module StatsViewer (538)
[2018.02.28-21.26.01:991][864]LogModuleManager: Shutting down and abandoning module FoliageEdit (536)
[2018.02.28-21.26.01:991][864]LogModuleManager: Shutting down and abandoning module LandscapeEditor (534)
[2018.02.28-21.26.01:991][864]LogModuleManager: Shutting down and abandoning module MeshPaintMode (532)
[2018.02.28-21.26.01:991][864]LogModuleManager: Shutting down and abandoning module SceneDepthPickerMode (530)
[2018.02.28-21.26.01:991][864]LogModuleManager: Shutting down and abandoning module ActorPickerMode (528)
[2018.02.28-21.26.01:991][864]LogModuleManager: Shutting down and abandoning module GeometryMode (526)
[2018.02.28-21.26.01:991][864]LogModuleManager: Shutting down and abandoning module TextureAlignMode (524)
[2018.02.28-21.26.01:991][864]LogModuleManager: Shutting down and abandoning module BspMode (522)
[2018.02.28-21.26.01:991][864]LogModuleManager: Shutting down and abandoning module PIEPreviewDeviceProfileSelector (520)
[2018.02.28-21.26.01:991][864]LogModuleManager: Shutting down and abandoning module HardwareSurvey (518)
[2018.02.28-21.26.01:991][864]LogModuleManager: Shutting down and abandoning module SequenceRecorderSections (516)
[2018.02.28-21.26.01:992][864]LogModuleManager: Shutting down and abandoning module AutomationWorker (514)
[2018.02.28-21.26.01:992][864]LogModuleManager: Shutting down and abandoning module MatineeToLevelSequence (512)
[2018.02.28-21.26.01:992][864]LogModuleManager: Shutting down and abandoning module LevelSequenceEditor (510)
[2018.02.28-21.26.01:992][864]LogModuleManager: Shutting down and abandoning module PlacementMode (509)
[2018.02.28-21.26.01:992][864]LogModuleManager: Shutting down and abandoning module WmfMediaFactory (506)
[2018.02.28-21.26.01:992][864]LogModuleManager: Shutting down and abandoning module WmfMediaEditor (504)
[2018.02.28-21.26.01:992][864]LogModuleManager: Shutting down and abandoning module OpenExrWrapper (502)
[2018.02.28-21.26.01:992][864]LogModuleManager: Shutting down and abandoning module ImgMediaFactory (500)
[2018.02.28-21.26.01:992][864]LogModuleManager: Shutting down and abandoning module ImgMediaEditor (498)
[2018.02.28-21.26.01:992][864]LogModuleManager: Shutting down and abandoning module AvfMediaFactory (496)
[2018.02.28-21.26.01:992][864]LogModuleManager: Shutting down and abandoning module AvfMediaEditor (494)
[2018.02.28-21.26.01:992][864]LogModuleManager: Shutting down and abandoning module AndroidMediaFactory (492)
[2018.02.28-21.26.01:992][864]LogModuleManager: Shutting down and abandoning module AndroidMediaEditor (490)
[2018.02.28-21.26.01:992][864]LogModuleManager: Shutting down and abandoning module CharacterAI (488)
[2018.02.28-21.26.01:992][864]LogModuleManager: Shutting down and abandoning module AudioCapture (486)
[2018.02.28-21.26.01:992][864]LogModuleManager: Shutting down and abandoning module SequenceRecorder (485)
[2018.02.28-21.26.01:992][864]LogModuleManager: Shutting down and abandoning module SmartSnapping (482)
[2018.02.28-21.26.01:992][864]LogModuleManager: Shutting down and abandoning module SessionServices (480)
[2018.02.28-21.26.01:992][864]LogModuleManager: Shutting down and abandoning module ViewportSnapping (478)
[2018.02.28-21.26.01:992][864]LogModuleManager: Shutting down and abandoning module ViewportInteraction (476)
[2018.02.28-21.26.01:992][864]LogModuleManager: Shutting down and abandoning module ClothPainter (474)
[2018.02.28-21.26.01:992][864]LogModuleManager: Shutting down and abandoning module SkeletalMeshEditor (473)
[2018.02.28-21.26.01:992][864]LogModuleManager: Shutting down and abandoning module LogVisualizer (470)
[2018.02.28-21.26.01:992][864]LogModuleManager: Shutting down and abandoning module IntroTutorials (468)
[2018.02.28-21.26.01:992][864]LogModuleManager: Shutting down and abandoning module GameProjectGeneration (467)
[2018.02.28-21.26.01:992][864]LogModuleManager: Shutting down and abandoning module IOSPlatformEditor (464)
[2018.02.28-21.26.01:992][864]LogModuleManager: Shutting down and abandoning module HTML5PlatformEditor (462)
[2018.02.28-21.26.01:992][864]LogModuleManager: Shutting down and abandoning module AndroidPlatformEditor (460)
[2018.02.28-21.26.01:992][864]LogModuleManager: Shutting down and abandoning module AndroidDeviceDetection (459)
[2018.02.28-21.26.02:467][864]LogModuleManager: Shutting down and abandoning module WindowsPlatformEditor (456)
[2018.02.28-21.26.02:467][864]LogModuleManager: Shutting down and abandoning module IOSRuntimeSettings (454)
[2018.02.28-21.26.02:467][864]LogModuleManager: Shutting down and abandoning module AndroidRuntimeSettings (452)
[2018.02.28-21.26.02:467][864]LogModuleManager: Shutting down and abandoning module InputBindingEditor (450)
[2018.02.28-21.26.02:467][864]LogModuleManager: Shutting down and abandoning module MergeActors (448)
[2018.02.28-21.26.02:467][864]LogModuleManager: Shutting down and abandoning module SizeMap (446)
[2018.02.28-21.26.02:467][864]LogModuleManager: Shutting down and abandoning module TreeMap (444)
[2018.02.28-21.26.02:467][864]LogModuleManager: Shutting down and abandoning module ReferenceViewer (442)
[2018.02.28-21.26.02:467][864]LogModuleManager: Shutting down and abandoning module LocalizationDashboard (440)
[2018.02.28-21.26.02:467][864]LogModuleManager: Shutting down and abandoning module LocalizationService (439)
[2018.02.28-21.26.02:468][864]LogModuleManager: Shutting down and abandoning module HardwareTargeting (436)
[2018.02.28-21.26.02:468][864]LogModuleManager: Shutting down and abandoning module DeviceProfileEditor (434)
[2018.02.28-21.26.02:468][864]LogModuleManager: Shutting down and abandoning module UndoHistory (432)
[2018.02.28-21.26.02:468][864]LogModuleManager: Shutting down and abandoning module XmlParser (430)
[2018.02.28-21.26.02:468][864]LogModuleManager: Shutting down and abandoning module Blutility (428)
[2018.02.28-21.26.02:468][864]LogModuleManager: Shutting down and abandoning module ProjectSettingsViewer (426)
[2018.02.28-21.26.02:468][864]LogModuleManager: Shutting down and abandoning module ProjectTargetPlatformEditor (425)
[2018.02.28-21.26.02:468][864]LogModuleManager: Shutting down and abandoning module EditorSettingsViewer (422)
[2018.02.28-21.26.02:468][864]LogModuleManager: Shutting down and abandoning module SettingsEditor (420)
[2018.02.28-21.26.02:468][864]LogModuleManager: Shutting down and abandoning module ProjectLauncher (418)
[2018.02.28-21.26.02:468][864]LogModuleManager: Shutting down and abandoning module SessionFrontend (416)
[2018.02.28-21.26.02:468][864]LogModuleManager: Shutting down and abandoning module ProfilerClient (414)
[2018.02.28-21.26.02:468][864]LogModuleManager: Shutting down and abandoning module DeviceManager (412)
[2018.02.28-21.26.02:468][864]LogModuleManager: Shutting down and abandoning module TargetDeviceServices (411)
[2018.02.28-21.26.02:543][864]LogModuleManager: Shutting down and abandoning module AutomationController (408)
[2018.02.28-21.26.02:543][864]LogModuleManager: Shutting down and abandoning module AutomationWindow (406)
[2018.02.28-21.26.02:543][864]LogModuleManager: Shutting down and abandoning module Layers (404)
[2018.02.28-21.26.02:543][864]LogModuleManager: Shutting down and abandoning module ComponentVisualizers (402)
[2018.02.28-21.26.02:543][864]LogModuleManager: Shutting down and abandoning module DetailCustomizations (400)
[2018.02.28-21.26.02:543][864]LogModuleManager: Shutting down and abandoning module PackagesDialog (398)
[2018.02.28-21.26.02:543][864]LogModuleManager: Shutting down and abandoning module Persona (396)
[2018.02.28-21.26.02:543][864]LogModuleManager: Shutting down and abandoning module AdvancedPreviewScene (395)
[2018.02.28-21.26.02:543][864]LogModuleManager: Shutting down and abandoning module AnimGraph (393)
[2018.02.28-21.26.02:543][864]LogModuleManager: Shutting down and abandoning module Kismet (390)
[2018.02.28-21.26.02:553][864]LogModuleManager: Shutting down and abandoning module ClassViewer (388)
[2018.02.28-21.26.02:553][864]LogModuleManager: Shutting down and abandoning module Toolbox (386)
[2018.02.28-21.26.02:553][864]LogModuleManager: Shutting down and abandoning module ModuleUI (384)
[2018.02.28-21.26.02:554][864]LogModuleManager: Shutting down and abandoning module MovieSceneTools (382)
[2018.02.28-21.26.02:554][864]LogModuleManager: Shutting down and abandoning module OutputLog (380)
[2018.02.28-21.26.02:554][864]LogModuleManager: Shutting down and abandoning module GammaUI (378)
[2018.02.28-21.26.02:554][864]LogModuleManager: Shutting down and abandoning module Documentation (376)
[2018.02.28-21.26.02:554][864]LogModuleManager: Shutting down and abandoning module MovieSceneTracks (374)
[2018.02.28-21.26.02:554][864]LogModuleManager: Shutting down and abandoning module MovieScene (372)
[2018.02.28-21.26.02:554][864]LogModuleManager: Shutting down and abandoning module StreamingPauseRendering (370)
[2018.02.28-21.26.02:554][864]LogModuleManager: Shutting down and abandoning module LauncherPlatform (368)
[2018.02.28-21.26.02:554][864]LogModuleManager: Shutting down and abandoning module AnalyticsET (366)
[2018.02.28-21.26.02:554][864]LogModuleManager: Shutting down and abandoning module PortalServices (364)
[2018.02.28-21.26.02:554][864]LogModuleManager: Shutting down and abandoning module PortalRpc (362)
[2018.02.28-21.26.02:554][864]LogModuleManager: Shutting down and abandoning module MessagingRpc (360)
[2018.02.28-21.26.02:554][864]LogModuleManager: Shutting down and abandoning module AIModule (358)
[2018.02.28-21.26.02:554][864]LogModuleManager: Shutting down and abandoning module GameplayDebugger (357)
[2018.02.28-21.26.02:554][864]LogModuleManager: Shutting down and abandoning module AITestSuite (355)
[2018.02.28-21.26.02:554][864]LogModuleManager: Shutting down and abandoning module DesktopPlatform (352)
[2018.02.28-21.26.02:554][864]LogModuleManager: Shutting down and abandoning module ProfilerService (350)
[2018.02.28-21.26.02:653][864]LogModuleManager: Shutting down and abandoning module TaskGraph (348)
[2018.02.28-21.26.02:653][864]LogModuleManager: Shutting down and abandoning module SteamVRController (346)
[2018.02.28-21.26.02:653][864]LogModuleManager: Shutting down and abandoning module ProceduralMeshComponentEditor (344)
[2018.02.28-21.26.02:653][864]LogModuleManager: Shutting down and abandoning module ProceduralMeshComponent (342)
[2018.02.28-21.26.02:653][864]LogModuleManager: Shutting down and abandoning module OculusInput (340)
[2018.02.28-21.26.02:653][864]LogModuleManager: Shutting down and abandoning module MobilePatchingUtils (338)
[2018.02.28-21.26.02:653][864]LogModuleManager: Shutting down and abandoning module CustomMeshComponent (336)
[2018.02.28-21.26.02:653][864]LogModuleManager: Shutting down and abandoning module CableComponent (334)
[2018.02.28-21.26.02:654][864]LogModuleManager: Shutting down and abandoning module ArchVisCharacter (332)
[2018.02.28-21.26.02:654][864]LogModuleManager: Shutting down and abandoning module AndroidPermission (330)
[2018.02.28-21.26.02:654][864]LogModuleManager: Shutting down and abandoning module ActorSequence (326)
[2018.02.28-21.26.02:654][864]LogModuleManager: Shutting down and abandoning module MediaPlayerEditor (324)
[2018.02.28-21.26.02:654][864]LogModuleManager: Shutting down and abandoning module MediaCompositingEditor (322)
[2018.02.28-21.26.02:654][864]LogModuleManager: Shutting down and abandoning module MediaCompositing (320)
[2018.02.28-21.26.02:654][864]LogModuleManager: Shutting down and abandoning module HTML5Networking (318)
[2018.02.28-21.26.02:654][864]LogModuleManager: Shutting down and abandoning module AlembicImporter (316)
[2018.02.28-21.26.02:654][864]LogModuleManager: Shutting down and abandoning module AlembicLibrary (315)
[2018.02.28-21.26.02:654][864]LogModuleManager: Shutting down and abandoning module GeometryCache (314)
[2018.02.28-21.26.02:654][864]LogModuleManager: Shutting down and abandoning module GeometryCacheEd (313)
[2018.02.28-21.26.02:654][864]LogModuleManager: Shutting down and abandoning module SpeedTreeImporter (308)
[2018.02.28-21.26.02:654][864]LogModuleManager: Shutting down and abandoning module PluginBrowser (306)
[2018.02.28-21.26.02:654][864]LogModuleManager: Shutting down and abandoning module MobileLauncherProfileWizard (304)
[2018.02.28-21.26.02:654][864]LogModuleManager: Shutting down and abandoning module VisualStudioSourceCodeAccess (302)
[2018.02.28-21.26.02:654][864]LogModuleManager: Shutting down and abandoning module VisualStudioCodeSourceCodeAccess (300)
[2018.02.28-21.26.02:654][864]LogModuleManager: Shutting down and abandoning module UObjectPlugin (298)
[2018.02.28-21.26.02:654][864]LogModuleManager: Shutting down and abandoning module SubversionSourceControl (296)
[2018.02.28-21.26.02:654][864]LogModuleManager: Shutting down and abandoning module PerforceSourceControl (294)
[2018.02.28-21.26.02:654][864]LogModuleManager: Shutting down and abandoning module GitSourceControl (292)
[2018.02.28-21.26.02:654][864]LogModuleManager: Shutting down and abandoning module SourceControl (291)
[2018.02.28-21.26.02:655][864]LogModuleManager: Shutting down and abandoning module LightPropagationVolumeEditor (288)
[2018.02.28-21.26.02:655][864]LogModuleManager: Shutting down and abandoning module PaperTiledImporter (286)
[2018.02.28-21.26.02:655][864]LogModuleManager: Shutting down and abandoning module PaperSpriteSheetImporter (284)
[2018.02.28-21.26.02:655][864]LogModuleManager: Shutting down and abandoning module Paper2DEditor (282)
[2018.02.28-21.26.02:655][864]LogModuleManager: Shutting down and abandoning module MeshPaint (281)
[2018.02.28-21.26.02:655][864]LogModuleManager: Shutting down and abandoning module LevelEditor (279)
[2018.02.28-21.26.02:656][864]LogModuleManager: Shutting down and abandoning module PixelInspectorModule (278)
[2018.02.28-21.26.02:656][864]LogModuleManager: Shutting down and abandoning module MainFrame (276)
[2018.02.28-21.26.02:656][864]LogModuleManager: Shutting down and abandoning module HotReload (275)
[2018.02.28-21.26.02:656][864]LogDirectoryWatcher: A directory notification for 'C:/Users/ASUS/Desktop/Cassiopée/Estier/Plugins/UE4Duino/Binaries/Win64' was aborted.
[2018.02.28-21.26.02:657][864]LogModuleManager: Shutting down and abandoning module UE4Duino (270)
[2018.02.28-21.26.02:657][864]UE4DuinoLog: Warning: UE4Duino: Log Ended
[2018.02.28-21.26.02:657][864]LogModuleManager: Shutting down and abandoning module RuntimePhysXCooking (268)
[2018.02.28-21.26.02:657][864]LogModuleManager: Shutting down and abandoning module PhysXVehiclesEditor (266)
[2018.02.28-21.26.02:657][864]LogModuleManager: Shutting down and abandoning module PhysXVehicles (264)
[2018.02.28-21.26.02:657][864]LogModuleManager: Shutting down and abandoning module OculusEditor (262)
[2018.02.28-21.26.02:657][864]LogModuleManager: Shutting down and abandoning module LocationServicesBPLibrary (260)
[2018.02.28-21.26.02:657][864]LogModuleManager: Shutting down and abandoning module ImmediatePhysicsEditor (258)
[2018.02.28-21.26.02:657][864]LogModuleManager: Shutting down and abandoning module ImmediatePhysics (256)
[2018.02.28-21.26.02:657][864]LogModuleManager: Shutting down and abandoning module UdpMessaging (254)
[2018.02.28-21.26.02:758][864]LogModuleManager: Shutting down and abandoning module TcpMessaging (252)
[2018.02.28-21.26.02:859][864]LogModuleManager: Shutting down and abandoning module GameplayTagsEditor (250)
[2018.02.28-21.26.02:859][864]LogModuleManager: Shutting down and abandoning module FacialAnimationEditor (248)
[2018.02.28-21.26.02:859][864]LogModuleManager: Shutting down and abandoning module FacialAnimation (246)
[2018.02.28-21.26.02:859][864]LogModuleManager: Shutting down and abandoning module AssetManagerEditor (244)
[2018.02.28-21.26.02:859][864]LogModuleManager: Shutting down and abandoning module GraphEditor (243)
[2018.02.28-21.26.02:859][864]LogModuleManager: Shutting down and abandoning module ContentBrowser (241)
[2018.02.28-21.26.02:860][864]LogModuleManager: Shutting down and abandoning module LightPropagationVolumeRuntime (238)
[2018.02.28-21.26.02:860][864]LogModuleManager: Shutting down and abandoning module Paper2D (236)
[2018.02.28-21.26.02:860][864]LogModuleManager: Shutting down and abandoning module WindowsMoviePlayer (234)
[2018.02.28-21.26.02:860][864]LogModuleManager: Shutting down and abandoning module WmfMedia (232)
[2018.02.28-21.26.02:865][864]LogModuleManager: Shutting down and abandoning module ImgMedia (230)
[2018.02.28-21.26.02:865][864]LogModuleManager: Shutting down and abandoning module PacketHandler (228)
[2018.02.28-21.26.02:865][864]LogModuleManager: Shutting down and abandoning module ClothingSystemEditor (226)
[2018.02.28-21.26.02:865][864]LogModuleManager: Shutting down and abandoning module ClothingSystemRuntime (224)
[2018.02.28-21.26.02:865][864]LogModuleManager: Shutting down and abandoning module MediaAssets (222)
[2018.02.28-21.26.02:865][864]LogModuleManager: Shutting down and abandoning module Media (221)
[2018.02.28-21.26.02:871][864]LogModuleManager: Shutting down and abandoning module Overlay (218)
[2018.02.28-21.26.02:871][864]LogModuleManager: Shutting down and abandoning module OverlayEditor (217)
[2018.02.28-21.26.02:871][864]LogModuleManager: Shutting down and abandoning module VREditor (214)
[2018.02.28-21.26.02:871][864]LogModuleManager: Shutting down and abandoning module StringTableEditor (212)
[2018.02.28-21.26.02:871][864]LogModuleManager: Shutting down and abandoning module GameplayTasksEditor (210)
[2018.02.28-21.26.02:871][864]LogModuleManager: Shutting down and abandoning module BehaviorTreeEditor (208)
[2018.02.28-21.26.02:871][864]LogModuleManager: Shutting down and abandoning module FunctionalTesting (206)
[2018.02.28-21.26.02:871][864]LogModuleManager: Shutting down and abandoning module CollisionAnalyzer (204)
[2018.02.28-21.26.02:871][864]LogModuleManager: Shutting down and abandoning module WorkspaceMenuStructure (203)
[2018.02.28-21.26.02:871][864]LogModuleManager: Shutting down and abandoning module UMG (200)
[2018.02.28-21.26.02:871][864]LogModuleManager: Shutting down and abandoning module UMGEditor (199)
[2018.02.28-21.26.02:872][864]LogModuleManager: Shutting down and abandoning module Sequencer (198)
[2018.02.28-21.26.02:872][864]LogModuleManager: Shutting down and abandoning module MessageLog (195)
[2018.02.28-21.26.02:872][864]LogModuleManager: Shutting down and abandoning module SlateReflector (190)
[2018.02.28-21.26.02:872][864]LogModuleManager: Shutting down and abandoning module Slate (188)
[2018.02.28-21.26.02:872][864]LogModuleManager: Shutting down and abandoning module EditorStyle (186)
[2018.02.28-21.26.02:874][864]LogModuleManager: Shutting down and abandoning module MRMesh (184)
[2018.02.28-21.26.02:874][864]LogModuleManager: Shutting down and abandoning module SourceCodeAccess (182)
[2018.02.28-21.26.02:874][864]LogModuleManager: Shutting down and abandoning module HeadMountedDisplay (180)
[2018.02.28-21.26.02:874][864]LogModuleManager: Shutting down and abandoning module XAudio2 (178)
[2018.02.28-21.26.02:874][864]LogModuleManager: Shutting down and abandoning module Networking (176)
[2018.02.28-21.26.02:874][864]LogModuleManager: Shutting down and abandoning module Core (172)
[2018.02.28-21.26.02:874][864]LogModuleManager: Shutting down and abandoning module LevelSequence (168)
[2018.02.28-21.26.02:874][864]LogModuleManager: Shutting down and abandoning module DirectoryWatcher (166)
[2018.02.28-21.26.02:875][864]LogModuleManager: Shutting down and abandoning module KismetCompiler (164)
[2018.02.28-21.26.02:875][864]LogModuleManager: Shutting down and abandoning module MeshUtilities (162)
[2018.02.28-21.26.02:875][864]LogModuleManager: Shutting down and abandoning module MeshMergeUtilities (161)
[2018.02.28-21.26.02:875][864]LogModuleManager: Shutting down and abandoning module MeshReductionInterface (160)
[2018.02.28-21.26.02:875][864]LogModuleManager: Shutting down and abandoning module SimplygonSwarm (159)
[2018.02.28-21.26.02:875][864]LogModuleManager: Shutting down and abandoning module SimplygonMeshReduction (157)
[2018.02.28-21.26.02:875][864]LogModuleManager: Shutting down and abandoning module QuadricMeshReduction (155)
[2018.02.28-21.26.02:875][864]LogModuleManager: Shutting down and abandoning module MaterialBaking (151)
[2018.02.28-21.26.02:875][864]LogModuleManager: Shutting down and abandoning module DerivedDataCache (148)
[2018.02.28-21.26.02:908][864]LogDerivedDataCache: Shutdown
[2018.02.28-21.26.02:908][864]LogModuleManager: Shutting down and abandoning module TargetPlatform (146)
[2018.02.28-21.26.02:908][864]LogModuleManager: Shutting down and abandoning module VulkanShaderFormat (145)
[2018.02.28-21.26.02:908][864]LogModuleManager: Shutting down and abandoning module ShaderFormatVectorVM (143)
[2018.02.28-21.26.02:908][864]LogModuleManager: Shutting down and abandoning module ShaderFormatOpenGL (141)
[2018.02.28-21.26.02:908][864]LogModuleManager: Shutting down and abandoning module ShaderFormatD3D (139)
[2018.02.28-21.26.02:908][864]LogModuleManager: Shutting down and abandoning module MetalShaderFormat (137)
[2018.02.28-21.26.02:908][864]LogModuleManager: Shutting down and abandoning module TextureFormatUncompressed (135)
[2018.02.28-21.26.02:908][864]LogModuleManager: Shutting down and abandoning module TextureFormatPVR (133)
[2018.02.28-21.26.02:908][864]LogModuleManager: Shutting down and abandoning module TextureFormatDXT (131)
[2018.02.28-21.26.02:908][864]LogModuleManager: Shutting down and abandoning module TextureFormatIntelISPCTexComp (129)
[2018.02.28-21.26.02:909][864]LogModuleManager: Shutting down and abandoning module TextureFormatASTC (127)
[2018.02.28-21.26.02:909][864]LogModuleManager: Shutting down and abandoning module ImageWrapper (126)
[2018.02.28-21.26.02:909][864]LogModuleManager: Shutting down and abandoning module TextureFormatAndroid (123)
[2018.02.28-21.26.02:909][864]LogModuleManager: Shutting down and abandoning module AudioFormatOpus (121)
[2018.02.28-21.26.02:909][864]LogModuleManager: Shutting down and abandoning module AudioFormatOgg (119)
[2018.02.28-21.26.02:909][864]LogModuleManager: Shutting down and abandoning module AudioFormatADPCM (117)
[2018.02.28-21.26.02:909][864]LogModuleManager: Shutting down and abandoning module LinuxTargetPlatform (115)
[2018.02.28-21.26.02:909][864]LogModuleManager: Shutting down and abandoning module LinuxServerTargetPlatform (113)
[2018.02.28-21.26.02:909][864]LogModuleManager: Shutting down and abandoning module LinuxNoEditorTargetPlatform (111)
[2018.02.28-21.26.02:909][864]LogModuleManager: Shutting down and abandoning module LinuxClientTargetPlatform (109)
[2018.02.28-21.26.02:909][864]LogModuleManager: Shutting down and abandoning module TVOSTargetPlatform (107)
[2018.02.28-21.26.02:909][864]LogModuleManager: Shutting down and abandoning module Messaging (105)
[2018.02.28-21.26.02:909][864]LogModuleManager: Shutting down and abandoning module IOSTargetPlatform (103)
[2018.02.28-21.26.02:909][864]LogModuleManager: Shutting down and abandoning module HTML5TargetPlatform (101)
[2018.02.28-21.26.02:909][864]LogModuleManager: Shutting down and abandoning module AndroidTargetPlatform (99)
[2018.02.28-21.26.02:909][864]LogModuleManager: Shutting down and abandoning module Android_PVRTCTargetPlatform (97)
[2018.02.28-21.26.02:909][864]LogModuleManager: Shutting down and abandoning module Android_MultiTargetPlatform (95)
[2018.02.28-21.26.02:909][864]LogModuleManager: Shutting down and abandoning module Android_ETC2TargetPlatform (93)
[2018.02.28-21.26.02:909][864]LogModuleManager: Shutting down and abandoning module Android_ETC1TargetPlatform (91)
[2018.02.28-21.26.02:909][864]LogModuleManager: Shutting down and abandoning module Android_DXTTargetPlatform (89)
[2018.02.28-21.26.02:909][864]LogModuleManager: Shutting down and abandoning module Android_ATCTargetPlatform (87)
[2018.02.28-21.26.02:909][864]LogModuleManager: Shutting down and abandoning module Android_ASTCTargetPlatform (85)
[2018.02.28-21.26.02:909][864]LogModuleManager: Shutting down and abandoning module WindowsTargetPlatform (83)
[2018.02.28-21.26.02:909][864]LogModuleManager: Shutting down and abandoning module WindowsServerTargetPlatform (81)
[2018.02.28-21.26.02:909][864]LogModuleManager: Shutting down and abandoning module WindowsNoEditorTargetPlatform (79)
[2018.02.28-21.26.02:909][864]LogModuleManager: Shutting down and abandoning module WindowsClientTargetPlatform (77)
[2018.02.28-21.26.02:909][864]LogModuleManager: Shutting down and abandoning module MacTargetPlatform (75)
[2018.02.28-21.26.02:909][864]LogModuleManager: Shutting down and abandoning module MacServerTargetPlatform (73)
[2018.02.28-21.26.02:909][864]LogModuleManager: Shutting down and abandoning module MacNoEditorTargetPlatform (71)
[2018.02.28-21.26.02:909][864]LogModuleManager: Shutting down and abandoning module MacClientTargetPlatform (69)
[2018.02.28-21.26.02:909][864]LogModuleManager: Shutting down and abandoning module AllDesktopTargetPlatform (67)
[2018.02.28-21.26.02:910][864]LogModuleManager: Shutting down and abandoning module InputCore (64)
[2018.02.28-21.26.02:910][864]LogModuleManager: Shutting down and abandoning module Settings (62)
[2018.02.28-21.26.02:910][864]LogModuleManager: Shutting down and abandoning module PhysXCooking (60)
[2018.02.28-21.26.02:910][864]LogModuleManager: Shutting down and abandoning module SteamVR (58)
[2018.02.28-21.26.02:910][864]LogModuleManager: Shutting down and abandoning module OculusHMD (56)
[2018.02.28-21.26.02:910][864]LogModuleManager: Shutting down and abandoning module ExampleDeviceProfileSelector (54)
[2018.02.28-21.26.02:910][864]LogModuleManager: Shutting down and abandoning module AppleARKit (52)
[2018.02.28-21.26.02:910][864]LogModuleManager: Shutting down and abandoning module AugmentedReality (51)
[2018.02.28-21.26.02:910][864]LogModuleManager: Shutting down and abandoning module OnlineBlueprintSupport (48)
[2018.02.28-21.26.02:910][864]LogModuleManager: Shutting down and abandoning module OnlineSubsystem (44)
[2018.02.28-21.26.02:910][864]LogModuleManager: Shutting down and abandoning module XMPP (43)
[2018.02.28-21.26.02:910][864]LogModuleManager: Shutting down and abandoning module HTTP (41)
[2018.02.28-21.26.02:910][864]LogHttp: Display: Http module shutting down, but needs to wait on 1 outstanding Http requests:
[2018.02.28-21.26.02:910][864]LogHttp: Display: 	verb=[POST] url=[https://datarouter.ol.epicgames.com/datarouter/api/v1/public/data?SessionID=%7B45B49C9B-4169-DB52-1E3D-3ABCECFAD7B2%7D&AppID=UEEditor.Rocket.Release&AppVersion=4.18.3-3832480%2B%2B%2BUE4%2BRelease-4.18&UserID=fff15eb5413c02ec6cd80d9296d2abd7%7C9d4852895b78474891f64b67521cd823%7Cf59e6a2c-3abf-4f69-865e-119c24dbeaf6&AppEnvironment=datacollector-binary&UploadType=eteventstream] status=Processing
[2018.02.28-21.26.02:914][864]LogModuleManager: Shutting down and abandoning module SSL (40)
[2018.02.28-21.26.02:915][864]LogModuleManager: Shutting down and abandoning module AnimationModifiers (36)
[2018.02.28-21.26.02:915][864]LogModuleManager: Shutting down and abandoning module PropertyEditor (35)
[2018.02.28-21.26.02:915][864]LogModuleManager: Shutting down and abandoning module AudioEditor (32)
[2018.02.28-21.26.02:915][864]LogModuleManager: Shutting down and abandoning module TextureCompressor (30)
[2018.02.28-21.26.02:915][864]LogModuleManager: Shutting down and abandoning module ShaderCore (28)
[2018.02.28-21.26.02:915][864]LogModuleManager: Shutting down and abandoning module Landscape (26)
[2018.02.28-21.26.02:915][864]LogModuleManager: Shutting down and abandoning module SlateRHIRenderer (24)
[2018.02.28-21.26.02:916][864]LogModuleManager: Shutting down and abandoning module OpenGLDrv (22)
[2018.02.28-21.26.02:916][864]LogModuleManager: Shutting down and abandoning module D3D11RHI (20)
[2018.02.28-21.26.02:916][864]LogModuleManager: Shutting down and abandoning module AnimGraphRuntime (18)
[2018.02.28-21.26.02:916][864]LogModuleManager: Shutting down and abandoning module Renderer (16)
[2018.02.28-21.26.02:916][864]LogModuleManager: Shutting down and abandoning module Engine (14)
[2018.02.28-21.26.02:916][864]LogModuleManager: Shutting down and abandoning module CoreUObject (12)
[2018.02.28-21.26.02:916][864]LogModuleManager: Shutting down and abandoning module NetworkFile (10)
[2018.02.28-21.26.02:916][864]LogModuleManager: Shutting down and abandoning module CookedIterativeFile (8)
[2018.02.28-21.26.02:916][864]LogModuleManager: Shutting down and abandoning module StreamingFile (6)
[2018.02.28-21.26.02:916][864]LogModuleManager: Shutting down and abandoning module SandboxFile (4)
[2018.02.28-21.26.02:916][864]LogModuleManager: Shutting down and abandoning module PakFile (2)
[2018.02.28-21.26.02:920][864]LogExit: Exiting.
[2018.02.28-21.26.02:935][864]Log file closed, 02/28/18 22:26:02
